2020-07-17 10:00:05,606 INFO o.a.j.u.JMeterUtils: Setting Locale to en_EN
2020-07-17 10:00:05,658 INFO o.a.j.JMeter: Loading user properties from: /usr/local/Cellar/jmeter/5.3/libexec/bin/user.properties
2020-07-17 10:00:05,660 INFO o.a.j.JMeter: Loading system properties from: /usr/local/Cellar/jmeter/5.3/libexec/bin/system.properties
2020-07-17 10:00:05,667 INFO o.a.j.JMeter: Copyright (c) 1998-2020 The Apache Software Foundation
2020-07-17 10:00:05,668 INFO o.a.j.JMeter: Version 5.3
2020-07-17 10:00:05,668 INFO o.a.j.JMeter: java.version=1.8.0_181
2020-07-17 10:00:05,668 INFO o.a.j.JMeter: java.vm.name=Java HotSpot(TM) 64-Bit Server VM
2020-07-17 10:00:05,668 INFO o.a.j.JMeter: os.name=Mac OS X
2020-07-17 10:00:05,668 INFO o.a.j.JMeter: os.arch=x86_64
2020-07-17 10:00:05,668 INFO o.a.j.JMeter: os.version=10.14.6
2020-07-17 10:00:05,668 INFO o.a.j.JMeter: file.encoding=UTF-8
2020-07-17 10:00:05,668 INFO o.a.j.JMeter: java.awt.headless=null
2020-07-17 10:00:05,669 INFO o.a.j.JMeter: Max memory     =1073741824
2020-07-17 10:00:05,669 INFO o.a.j.JMeter: Available Processors =4
2020-07-17 10:00:05,678 INFO o.a.j.JMeter: Default Locale=English (EN)
2020-07-17 10:00:05,678 INFO o.a.j.JMeter: JMeter  Locale=English (EN)
2020-07-17 10:00:05,678 INFO o.a.j.JMeter: JMeterHome=/usr/local/Cellar/jmeter/5.3/libexec
2020-07-17 10:00:05,679 INFO o.a.j.JMeter: user.dir  =/Users/Benoit2/acmeair-driver/acmeair-jmeter/scripts
2020-07-17 10:00:05,679 INFO o.a.j.JMeter: PWD       =/Users/Benoit2/acmeair-driver/acmeair-jmeter/scripts
2020-07-17 10:00:05,681 INFO o.a.j.JMeter: IP: 192.168.1.12 Name: pc52.home FullName: pc52.home
2020-07-17 10:00:06,198 INFO o.a.j.JMeter: Setting LAF to: com.github.weisj.darklaf.DarkLaf:com.github.weisj.darklaf.theme.DarculaTheme
2020-07-17 10:00:09,169 INFO o.a.j.JMeter: Loaded icon properties from org/apache/jmeter/images/icon.properties
2020-07-17 10:00:11,448 INFO o.j.r.JARSourceHTTP: Found cached repo
2020-07-17 10:00:11,887 INFO o.j.r.PluginManager: Plugins Status: [jpgc-casutg=2.9, jpgc-plugins-manager=1.4, jpgc-xml=0.1, jmeter-core=5.3, jmeter-ftp=5.3, jmeter-http=5.3, jmeter-jdbc=5.3, jmeter-jms=5.3, jmeter-junit=5.3, jmeter-java=5.3, jmeter-ldap=5.3, jmeter-mail=5.3, jmeter-mongodb=5.3, jmeter-native=5.3, jmeter-tcp=5.3, jmeter-components=5.3]
2020-07-17 10:00:12,815 INFO o.a.j.JMeter: Loading file: /Users/Benoit2/acmeair-driver/acmeair-jmeter/scripts/AcmeAir-microservices-mpJwt.jmx
2020-07-17 10:00:12,848 INFO o.a.j.s.FileServer: Default base='/Users/Benoit2/acmeair-driver/acmeair-jmeter/scripts'
2020-07-17 10:00:12,851 INFO o.a.j.s.FileServer: Set new base='/Users/Benoit2/acmeair-driver/acmeair-jmeter/scripts'
2020-07-17 10:00:13,590 INFO o.a.j.s.SaveService: Testplan (JMX) version: 2.2. Testlog (JTL) version: 2.2
2020-07-17 10:00:13,609 INFO o.a.j.s.SaveService: Using SaveService properties file encoding UTF-8
2020-07-17 10:00:13,611 INFO o.a.j.s.SaveService: Using SaveService properties version 5.0
2020-07-17 10:00:13,619 INFO o.a.j.s.SaveService: Loading file: /Users/Benoit2/acmeair-driver/acmeair-jmeter/scripts/AcmeAir-microservices-mpJwt.jmx
2020-07-17 10:00:13,903 INFO o.a.j.p.h.c.CookieManager: Settings: Delete null: true Check: true Allow variable: true Save: false Prefix: COOKIE_
2020-07-17 10:00:13,909 INFO o.a.j.p.h.s.HTTPSamplerBase: Parser for text/html is org.apache.jmeter.protocol.http.parser.LagartoBasedHtmlParser
2020-07-17 10:00:13,909 INFO o.a.j.p.h.s.HTTPSamplerBase: Parser for application/xhtml+xml is org.apache.jmeter.protocol.http.parser.LagartoBasedHtmlParser
2020-07-17 10:00:13,909 INFO o.a.j.p.h.s.HTTPSamplerBase: Parser for application/xml is org.apache.jmeter.protocol.http.parser.LagartoBasedHtmlParser
2020-07-17 10:00:13,909 INFO o.a.j.p.h.s.HTTPSamplerBase: Parser for text/xml is org.apache.jmeter.protocol.http.parser.LagartoBasedHtmlParser
2020-07-17 10:00:13,909 INFO o.a.j.p.h.s.HTTPSamplerBase: Parser for text/vnd.wap.wml is org.apache.jmeter.protocol.http.parser.RegexpHTMLParser
2020-07-17 10:00:13,909 INFO o.a.j.p.h.s.HTTPSamplerBase: Parser for text/css is org.apache.jmeter.protocol.http.parser.CssParser
2020-07-17 10:00:14,732 INFO o.a.j.s.FileServer: Set new base='/Users/Benoit2/acmeair-driver/acmeair-jmeter/scripts'
2020-07-17 10:00:15,939 INFO o.a.j.s.SampleResult: Note: Sample TimeStamps are START times
2020-07-17 10:00:15,940 INFO o.a.j.s.SampleResult: sampleresult.default.encoding is set to ISO-8859-1
2020-07-17 10:00:15,940 INFO o.a.j.s.SampleResult: sampleresult.useNanoTime=true
2020-07-17 10:00:15,941 INFO o.a.j.s.SampleResult: sampleresult.nanoThreadSleep=5000
2020-07-17 10:00:26,795 INFO o.a.j.e.StandardJMeterEngine: Running the test!
2020-07-17 10:00:26,796 INFO o.a.j.s.SampleEvent: List of sample_variables: []
2020-07-17 10:00:26,796 INFO o.a.j.s.SampleEvent: List of sample_variables: []
2020-07-17 10:00:26,798 INFO o.a.j.e.u.CompoundVariable: Note: Function class names must contain the string: '.functions.'
2020-07-17 10:00:26,799 INFO o.a.j.e.u.CompoundVariable: Note: Function class names must not contain the string: '.gui.'
2020-07-17 10:00:27,031 INFO o.a.j.t.TestPlan: added /Users/Benoit2/acmeair-driver/acmeair-jmeter/build/libs/acmeair-jmeter-1.1.0-SNAPSHOT.jar to classpath
2020-07-17 10:00:27,034 INFO o.a.j.g.u.JMeterMenuBar: setRunning(true, *local*)
2020-07-17 10:00:27,243 INFO o.a.j.e.StandardJMeterEngine: Starting ThreadGroup: 1 : Thread Group
2020-07-17 10:00:27,244 INFO o.a.j.e.StandardJMeterEngine: Starting 10 threads for group Thread Group.
2020-07-17 10:00:27,244 INFO o.a.j.e.StandardJMeterEngine: Thread will continue on error
2020-07-17 10:00:27,257 INFO o.a.j.t.ThreadGroup: Starting thread group... number=1 threads=10 ramp-up=30 delayedStart=false
2020-07-17 10:00:27,318 INFO o.a.j.t.ThreadGroup: Started thread group number 1
2020-07-17 10:00:27,318 INFO o.a.j.e.StandardJMeterEngine: All thread groups have been started
2020-07-17 10:00:28,263 INFO o.a.j.t.JMeterThread: Thread started: Thread Group 1-1
2020-07-17 10:00:28,269 INFO o.a.j.s.FileServer: Stored: hosts.csv Alias: hosts.csv@571025677
2020-07-17 10:00:28,286 INFO o.a.j.p.h.s.HTTPHCAbstractImpl: Local host = pc52.home
2020-07-17 10:00:28,320 INFO o.a.j.p.h.s.HTTPHC4Impl: HTTP request retry count = 0
2020-07-17 10:00:28,554 INFO o.a.j.s.FileServer: Stored: Airports2.csv
2020-07-17 10:00:28,556 INFO o.a.j.s.FileServer: Stored: Airports.csv
2020-07-17 10:00:30,653 INFO o.a.j.g.a.Start: Stopping test
2020-07-17 10:00:30,696 INFO o.a.j.t.JMeterThread: Stopping: Thread Group 1-5
2020-07-17 10:00:30,699 INFO o.a.j.t.JMeterThread: Stopping: Thread Group 1-3
2020-07-17 10:00:30,699 INFO o.a.j.t.JMeterThread: Stopping: Thread Group 1-2
2020-07-17 10:00:30,699 INFO o.a.j.t.JMeterThread: Thread started: Thread Group 1-5
2020-07-17 10:00:30,700 INFO o.a.j.t.JMeterThread: Stopping: Thread Group 1-1
2020-07-17 10:00:30,700 WARN o.a.j.t.JMeterThread: Interrupting: Thread Group 1-1 sampler: QueryFlight
2020-07-17 10:00:30,701 INFO o.a.j.t.JMeterThread: Thread finished: Thread Group 1-5
2020-07-17 10:00:30,701 INFO o.a.j.t.JMeterThread: Thread started: Thread Group 1-2
2020-07-17 10:00:30,701 INFO o.a.j.t.JMeterThread: Thread started: Thread Group 1-3
2020-07-17 10:00:30,704 INFO o.a.j.t.JMeterThread: Thread finished: Thread Group 1-2
2020-07-17 10:00:30,706 INFO o.a.j.t.JMeterThread: Thread finished: Thread Group 1-3
2020-07-17 10:00:30,708 INFO o.a.j.t.JMeterThread: Stopping: Thread Group 1-7
2020-07-17 10:00:30,708 INFO o.a.j.t.JMeterThread: Stopping: Thread Group 1-4
2020-07-17 10:00:30,708 INFO o.a.j.t.JMeterThread: Stopping: Thread Group 1-8
2020-07-17 10:00:30,709 INFO o.a.j.t.JMeterThread: Stopping: Thread Group 1-10
2020-07-17 10:00:30,709 INFO o.a.j.t.JMeterThread: Stopping: Thread Group 1-6
2020-07-17 10:00:30,709 INFO o.a.j.t.JMeterThread: Stopping: Thread Group 1-9
2020-07-17 10:00:30,710 INFO o.a.j.t.JMeterThread: Thread started: Thread Group 1-7
2020-07-17 10:00:30,720 INFO o.a.j.t.JMeterThread: Thread finished: Thread Group 1-7
2020-07-17 10:00:30,732 INFO o.a.j.t.JMeterThread: Thread started: Thread Group 1-10
2020-07-17 10:00:30,732 INFO o.a.j.t.JMeterThread: Thread started: Thread Group 1-6
2020-07-17 10:00:30,732 INFO o.a.j.t.JMeterThread: Thread started: Thread Group 1-9
2020-07-17 10:00:30,733 INFO o.a.j.t.JMeterThread: Thread finished: Thread Group 1-10
2020-07-17 10:00:30,733 INFO o.a.j.t.JMeterThread: Thread finished: Thread Group 1-9
2020-07-17 10:00:30,733 INFO o.a.j.t.JMeterThread: Thread started: Thread Group 1-8
2020-07-17 10:00:30,739 INFO o.a.j.t.JMeterThread: Thread finished: Thread Group 1-6
2020-07-17 10:00:30,738 INFO o.a.j.t.JMeterThread: Thread finished: Thread Group 1-8
2020-07-17 10:00:30,734 INFO o.a.j.t.JMeterThread: Thread started: Thread Group 1-4
2020-07-17 10:00:30,741 INFO o.a.j.t.JMeterThread: Thread finished: Thread Group 1-4
2020-07-17 10:00:30,760 INFO o.a.j.t.JMeterThread: Thread finished: Thread Group 1-1
2020-07-17 10:00:30,762 INFO o.a.j.e.StandardJMeterEngine: Notifying test listeners of end of test
2020-07-17 10:00:30,764 INFO o.a.j.s.FileServer: Close: Airports2.csv
2020-07-17 10:00:30,765 INFO o.a.j.s.FileServer: Close: Airports.csv
2020-07-17 10:00:30,767 INFO o.a.j.s.FileServer: Close: hosts.csv@571025677
2020-07-17 10:00:30,773 INFO o.a.j.g.u.JMeterMenuBar: setRunning(false, *local*)
